<?xml version="1.0" encoding="UTF-8"?>
<!-- Generated by org.testng.reporters.JUnitXMLReporter -->
<testsuite hostname="DESKTOP-OR6VU5V" ignored="4" name="Test" tests="5" failures="2" timestamp="10 Aug 2020 14:27:19 GMT" time="94.876" errors="0">
  <testcase name="VarifyPageTitle" time="14.808" classname="annotationPart1.TestNGDemo1"/>
  <testcase name="Browser" time="20.948" classname="annotationPart1.TestNGDemo3">
    <failure type="java.lang.AssertionError" message="User Not able to login Sucessfully - Invalid Credentails expected [true] but found [false]">
      <![CDATA[java.lang.AssertionError: User Not able to login Sucessfully - Invalid Credentails expected [true] but found [false]
	at annotationPart1.TestNGDemo3.Browser(TestNGDemo3.java:32)
	at java.util.concurrent.ThreadPoolExecutor.runWorker(Unknown Source)
	at java.util.concurrent.ThreadPoolExecutor$Worker.run(Unknown Source)
	at java.lang.Thread.run(Unknown Source)
... Removed 13 stack frames]]>
    </failure>
  </testcase> <!-- Browser -->
  <testcase name="Cat1" time="22.009" classname="annotationPart1.TestNGDemo2"/>
  <testcase name="Browser" time="44.661" classname="annotationPart1.TestNGDemo3"/>
  <testcase name="Browser" time="14.831" classname="annotationPart1.TestNGDemo3">
    <failure type="java.lang.AssertionError" message="User Not able to login Sucessfully - Invalid Credentails expected [true] but found [false]">
      <![CDATA[java.lang.AssertionError: User Not able to login Sucessfully - Invalid Credentails expected [true] but found [false]
	at annotationPart1.TestNGDemo3.Browser(TestNGDemo3.java:32)
	at java.util.concurrent.ThreadPoolExecutor.runWorker(Unknown Source)
	at java.util.concurrent.ThreadPoolExecutor$Worker.run(Unknown Source)
	at java.lang.Thread.run(Unknown Source)
... Removed 13 stack frames]]>
    </failure>
  </testcase> <!-- Browser -->
  <testcase name="Cat" time="0.0" classname="annotationPart1.TestNGDemo2">
    <ignored/>
  </testcase> <!-- Cat -->
  <testcase name="App" time="0.0" classname="annotationPart1.TestNGDemo2">
    <ignored/>
  </testcase> <!-- App -->
  <testcase name="Bal" time="0.0" classname="annotationPart1.TestNGDemo2">
    <ignored/>
  </testcase> <!-- Bal -->
  <testcase name="Dog" time="0.0" classname="annotationPart1.TestNGDemo2">
    <ignored/>
  </testcase> <!-- Dog -->
</testsuite> <!-- Test -->
